<?xml version="1.0" encoding="UTF-8"?>
<!-- Generated by org.testng.reporters.JUnitXMLReporter -->
<testsuite ignored="0" hostname="LAPTOP-CS5SNTU8" failures="0" tests="6" name="Default test" time="5.558" errors="0" timestamp="2024-02-26T22:12:23 EST">
  <testcase classname="api.test.DDTests" name="testPostUser" time="2.517"/>
  <testcase classname="api.test.DDTests" name="testPostUser" time="0.229"/>
  <testcase classname="api.test.DDTests" name="testPostUser" time="0.23"/>
  <testcase classname="api.test.DDTests" name="testDeleteUserByName" time="0.275"/>
  <testcase classname="api.test.DDTests" name="testDeleteUserByName" time="0.233"/>
  <testcase classname="api.test.DDTests" name="testDeleteUserByName" time="0.242"/>
</testsuite> <!-- Default test -->
