<?xml version="1.0" encoding="UTF-8"?>
<testng-results ignored="0" total="4" passed="4" failed="0" skipped="0">
  <reporter-output>
  </reporter-output>
  <suite started-at="2024-02-27T22:23:38 EST" name="PetSuite" finished-at="2024-02-27T22:23:42 EST" duration-ms="4203">
    <groups>
    </groups>
    <test started-at="2024-02-27T22:23:38 EST" name="PetTests" finished-at="2024-02-27T22:23:42 EST" duration-ms="4203">
      <class name="api.test.UserTests2">
        <test-method is-config="true" signature="setup()[pri:0, instance:api.test.UserTests2@31c88ec8]" started-at="2024-02-27T22:23:38 EST" name="setup" finished-at="2024-02-27T22:23:39 EST" duration-ms="828" status="PASS">
          <reporter-output>
          </reporter-output>
        </test-method> <!-- setup -->
        <test-method signature="testPostUser()[pri:1, instance:api.test.UserTests2@31c88ec8]" started-at="2024-02-27T22:23:39 EST" name="testPostUser" finished-at="2024-02-27T22:23:41 EST" duration-ms="2411" status="PASS">
          <reporter-output>
          </reporter-output>
        </test-method> <!-- testPostUser -->
        <test-method signature="testGetUserByName()[pri:2, instance:api.test.UserTests2@31c88ec8]" started-at="2024-02-27T22:23:41 EST" name="testGetUserByName" finished-at="2024-02-27T22:23:42 EST" duration-ms="240" status="PASS">
          <reporter-output>
          </reporter-output>
        </test-method> <!-- testGetUserByName -->
        <test-method signature="testUpdateUserByName()[pri:3, instance:api.test.UserTests2@31c88ec8]" started-at="2024-02-27T22:23:42 EST" name="testUpdateUserByName" finished-at="2024-02-27T22:23:42 EST" duration-ms="464" status="PASS">
          <reporter-output>
          </reporter-output>
        </test-method> <!-- testUpdateUserByName -->
        <test-method signature="testDeleteUserByName()[pri:4, instance:api.test.UserTests2@31c88ec8]" started-at="2024-02-27T22:23:42 EST" name="testDeleteUserByName" finished-at="2024-02-27T22:23:42 EST" duration-ms="208" status="PASS">
          <reporter-output>
          </reporter-output>
        </test-method> <!-- testDeleteUserByName -->
      </class> <!-- api.test.UserTests2 -->
    </test> <!-- PetTests -->
  </suite> <!-- PetSuite -->
</testng-results>
